(node:3666610) [MONGODB DRIVER] Warning: useNewUrlParser is a deprecated option: useNewUrlParser has no effect since Node.js Driver version 4.0.0 and will be removed in the next major version
(Use `node --trace-warnings ...` to show where the warning was created)
(node:3666610) [MONGODB DRIVER] Warning: useUnifiedTopology is a deprecated option: useUnifiedTopology has no effect since Node.js Driver version 4.0.0 and will be removed in the next major version
Could not connect to any servers in your MongoDB Atlas cluster. One common reason is that you're trying to access the database from an IP that isn't whitelisted. Make sure your current IP address is on your Atlas cluster's IP whitelist: https://www.mongodb.com/docs/atlas/security-whitelist/
(node:3668893) [MONGODB DRIVER] Warning: useNewUrlParser is a deprecated option: useNewUrlParser has no effect since Node.js Driver version 4.0.0 and will be removed in the next major version
(Use `node --trace-warnings ...` to show where the warning was created)
(node:3668893) [MONGODB DRIVER] Warning: useUnifiedTopology is a deprecated option: useUnifiedTopology has no effect since Node.js Driver version 4.0.0 and will be removed in the next major version
Operation `users.findOne()` buffering timed out after 10000ms
Could not connect to any servers in your MongoDB Atlas cluster. One common reason is that you're trying to access the database from an IP that isn't whitelisted. Make sure your current IP address is on your Atlas cluster's IP whitelist: https://www.mongodb.com/docs/atlas/security-whitelist/
Operation `users.findOne()` buffering timed out after 10000ms
Could not connect to any servers in your MongoDB Atlas cluster. One common reason is that you're trying to access the database from an IP that isn't whitelisted. Make sure your current IP address is on your Atlas cluster's IP whitelist: https://www.mongodb.com/docs/atlas/security-whitelist/
Operation `users.findOne()` buffering timed out after 10000ms
Could not connect to any servers in your MongoDB Atlas cluster. One common reason is that you're trying to access the database from an IP that isn't whitelisted. Make sure your current IP address is on your Atlas cluster's IP whitelist: https://www.mongodb.com/docs/atlas/security-whitelist/
⚠️ Token limit reached. Cleaning up old tokens...
⚠️ Token limit reached. Cleaning up old tokens...
⚠️ Token limit reached. Cleaning up old tokens...
⚠️ Token limit reached. Cleaning up old tokens...
E11000 duplicate key error collection: test.users index: username_1 dup key: { username: "Nick S" }
E11000 duplicate key error collection: test.users index: username_1 dup key: { username: "Nick S" }
E11000 duplicate key error collection: test.users index: username_1 dup key: { username: "Nick S" }
E11000 duplicate key error collection: test.users index: username_1 dup key: { username: "Nick St" }
password is not defined
password is not defined
password is not defined
password is not defined
password is not defined
password is not defined
password is not defined
password is not defined
password is not defined
E11000 duplicate key error collection: test.users index: username_1 dup key: { username: "Naveed Arshad" }
E11000 duplicate key error collection: test.users index: username_1 dup key: { username: "Naveed Arshad" }
E11000 duplicate key error collection: test.users index: username_1 dup key: { username: "Naveed Arshad" }
E11000 duplicate key error collection: test.users index: username_1 dup key: { username: "Naveed Arshad" }
E11000 duplicate key error collection: test.users index: username_1 dup key: { username: "Naveed Arshad" }
E11000 duplicate key error collection: test.users index: username_1 dup key: { username: "Naveed Arshad" }
E11000 duplicate key error collection: test.users index: username_1 dup key: { username: "Naveed Arshad" }
E11000 duplicate key error collection: test.users index: username_1 dup key: { username: "Naveed Arshad" }
E11000 duplicate key error collection: test.users index: username_1 dup key: { username: "Naveed Arshad" }
E11000 duplicate key error collection: test.users index: username_1 dup key: { username: "Naveed Arshad" }
E11000 duplicate key error collection: test.users index: username_1 dup key: { username: "Naveed Arshad" }
⚠️ Token limit reached. Cleaning up old tokens...
⚠️ Token limit reached. Cleaning up old tokens...
